<?xml version="1.0" encoding="UTF-8"?>
<!-- Generated by org.testng.reporters.JUnitXMLReporter -->
<testsuite ignored="0" hostname="Kushals-Air" failures="0" tests="6" name="Amazon Test Cases" time="45.967" errors="0" timestamp="2023-06-07T20:16:34 EDT">
  <testcase classname="com.amazon.qa.testcases.SearchResultTest" name="ValidateTitle" time="0.085"/>
  <testcase classname="com.amazon.qa.testcases.SearchResultTest" name="newItemSearch" time="2.445"/>
  <testcase classname="com.amazon.qa.testcases.SearchResultTest" name="newItemSearch" time="2.469"/>
  <testcase classname="com.amazon.qa.testcases.SearchResultTest" name="newItemSearch" time="2.377"/>
  <testcase classname="com.amazon.qa.testcases.SearchResultTest" name="newItemSearch" time="2.403"/>
  <testcase classname="com.amazon.qa.testcases.SearchResultTest" name="newItemSearch" time="2.377"/>
</testsuite> <!-- Amazon Test Cases -->
